<SageTVPlugin>
    <Name>junit</Name>
    <Identifier>junit</Identifier>
    <Description>SageTV Dependency JAR Plugin - no need to download directly</Description>
    <Author>stuckless</Author>
    <CreationDate>2011.04.10</CreationDate>
    <ModificationDate>2015.12.12</ModificationDate>
    <Version>4.12.0</Version>
    <Dependency>
        <JVM />
        <MinVersion>1.5.0</MinVersion>
    </Dependency>
    <PluginType>Library</PluginType>
    <Package>
        <PackageType>JAR</PackageType>
        <Location>https://github.com/OpenSageTV/sagetv-plugin-repo/releases/download/1/junit-4.12.zip</Location>
        <MD5>631E4C16741B18D3203E2C15CD8A6E4D</MD5>
    </Package>
</SageTVPlugin>
